<?xml version="1.0" encoding="UTF-8"?>
<!-- Generated by org.testng.reporters.JUnitReportReporter -->
<testsuite hostname="Priya" failures="0" tests="2" name="FirefoxLoginSearchATC.LoginTest" time="90.445" errors="0" timestamp="2022-11-25T18:14:12 IST" skipped="0">
  <testcase classname="FirefoxLoginSearchATC.LoginTest" name="flipkartLogin" time="85.830"/>
  <system-out/>
  <testcase classname="FirefoxLoginSearchATC.LoginTest" name="MenuList" time="4.615"/>
  <system-out/>
</testsuite> <!-- FirefoxLoginSearchATC.LoginTest -->
