<?xml version="1.0" encoding="UTF-8"?>
<!-- Generated by org.testng.reporters.JUnitReportReporter -->
<testsuite hostname="Priya" failures="0" tests="1" name="FirefoxLoginSearchATC.ReadExcelData" time="147.126" errors="0" timestamp="2022-11-28T15:56:48 IST" skipped="0">
  <testcase classname="FirefoxLoginSearchATC.ReadExcelData" name="ReadData" time="147.126"/>
  <system-out/>
</testsuite> <!-- FirefoxLoginSearchATC.ReadExcelData -->
