<?xml version="1.0" encoding="UTF-8"?>
<!-- Generated by org.testng.reporters.JUnitReportReporter -->
<testsuite hostname="Priya" failures="0" tests="1" name="FirefoxLoginSearchATC.WriteDataExcel" time="427.670" errors="0" timestamp="2022-12-16T22:06:51 IST" skipped="0">
  <testcase classname="FirefoxLoginSearchATC.WriteDataExcel" name="writeData" time="427.670"/>
  <system-out/>
</testsuite> <!-- FirefoxLoginSearchATC.WriteDataExcel -->
