<?xml version="1.0" encoding="UTF-8"?>
<!-- Generated by org.testng.reporters.JUnitReportReporter -->
<testsuite hostname="Priya" failures="0" tests="2" name="FirefoxLoginSearchATC.SelectItemMenub" time="34.727" errors="0" timestamp="2022-11-18T00:33:49 IST" skipped="0">
  <testcase classname="FirefoxLoginSearchATC.SelectItemMenub" name="searchboxhandle" time="16.950"/>
  <system-out/>
  <testcase classname="FirefoxLoginSearchATC.SelectItemMenub" name="completeproductlistdetails" time="17.777"/>
  <system-out/>
</testsuite> <!-- FirefoxLoginSearchATC.SelectItemMenub -->
