<?xml version="1.0" encoding="UTF-8"?>
<!-- Generated by org.testng.reporters.JUnitReportReporter -->
<testsuite hostname="Priya" failures="0" tests="3" name="BrowserOpen.HitBrowser" time="13.243" errors="0" timestamp="2022-11-17T18:32:12 IST" skipped="0">
  <testcase classname="BrowserOpen.HitBrowser" name="Login" time="4.576"/>
  <system-out/>
  <testcase classname="BrowserOpen.HitBrowser" name="MenuList" time="3.423"/>
  <system-out/>
  <testcase classname="BrowserOpen.HitBrowser" name="searchboxhandle" time="5.244"/>
  <system-out/>
</testsuite> <!-- BrowserOpen.HitBrowser -->
