<?xml version="1.0" encoding="UTF-8"?>
<!-- Generated by org.testng.reporters.JUnitReportReporter -->
<testsuite hostname="Priya" failures="0" tests="4" name="BrowserOpen.HitBrowser" time="33.643" errors="0" timestamp="2022-11-11T22:15:55 IST" skipped="0">
  <testcase classname="BrowserOpen.HitBrowser" name="Login" time="11.738"/>
  <system-out/>
  <testcase classname="BrowserOpen.HitBrowser" name="MenuList" time="4.073"/>
  <system-out/>
  <testcase classname="BrowserOpen.HitBrowser" name="SubmenuItem" time="4.636"/>
  <system-out/>
  <testcase classname="BrowserOpen.HitBrowser" name="goToMenTopWearSectionFromFashion" time="13.196"/>
  <system-out/>
</testsuite> <!-- BrowserOpen.HitBrowser -->
