<?xml version="1.0" encoding="UTF-8"?>
<!-- Generated by org.testng.reporters.JUnitReportReporter -->
<testsuite hostname="Priya" failures="0" tests="1" name="ExcelReadWrite.WriteDataExcel" time="402.675" errors="0" timestamp="2022-12-20T21:54:24 IST" skipped="0">
  <testcase classname="ExcelReadWrite.WriteDataExcel" name="writeData" time="402.675"/>
  <system-out/>
</testsuite> <!-- ExcelReadWrite.WriteDataExcel -->
