<?xml version="1.0" encoding="UTF-8"?>
<!-- Generated by org.testng.reporters.JUnitReportReporter -->
<testsuite hostname="Priya" failures="0" tests="1" name="BrowserOpen.GoogleChromeTestCases" time="0.065" errors="0" timestamp="2022-11-07T00:29:13 IST" skipped="0">
  <testcase classname="BrowserOpen.GoogleChromeTestCases" name="f" time="0.065"/>
  <system-out/>
</testsuite> <!-- BrowserOpen.GoogleChromeTestCases -->
