<?xml version="1.0" encoding="UTF-8"?>
<!-- Generated by org.testng.reporters.JUnitReportReporter -->
<testsuite hostname="Priya" failures="0" tests="1" name="ExcelReadWrite.ReadExcelData" time="235.029" errors="0" timestamp="2022-12-23T21:12:29 IST" skipped="0">
  <testcase classname="ExcelReadWrite.ReadExcelData" name="ReadData" time="235.029"/>
  <system-out/>
</testsuite> <!-- ExcelReadWrite.ReadExcelData -->
