<?xml version="1.0" encoding="UTF-8"?>
<!-- Generated by org.testng.reporters.JUnitReportReporter -->
<testsuite hostname="Priya" failures="0" tests="1" name="BrowserOpen.GoogleChromeTestCases" time="124.045" errors="0" timestamp="2022-12-20T21:34:28 IST" skipped="0">
  <testcase classname="BrowserOpen.GoogleChromeTestCases" name="LaunchappChrome" time="124.045"/>
  <system-out/>
</testsuite> <!-- BrowserOpen.GoogleChromeTestCases -->
