<?xml version="1.0" encoding="UTF-8"?>
<!-- Generated by org.testng.reporters.JUnitReportReporter -->
<testsuite hostname="Priya" failures="0" tests="3" name="FirefoxLoginSearchATC.LoginTest" time="13.900" errors="0" timestamp="2022-11-17T20:39:36 IST" skipped="0">
  <testcase classname="FirefoxLoginSearchATC.LoginTest" name="MenuList" time="2.916"/>
  <system-out/>
  <testcase classname="FirefoxLoginSearchATC.LoginTest" name="SubmenuItem" time="3.850"/>
  <system-out/>
  <testcase classname="FirefoxLoginSearchATC.LoginTest" name="goToMenTopWearSectionFromFashion" time="7.134"/>
  <system-out/>
</testsuite> <!-- FirefoxLoginSearchATC.LoginTest -->
